<?xml version="1.0" encoding="UTF-8"?>
<!-- Generated by org.testng.reporters.JUnitReportReporter -->
<testsuite hostname="P2E-0310" failures="0" tests="32" name="tests.LoginValidationTest" time="707.764" errors="1" timestamp="2026-03-09T16:01:43 IST" skipped="0">
  <testcase classname="tests.LoginValidationTest" name="password_only_letters" time="47.411"/>
  <testcase classname="tests.LoginValidationTest" name="email_trailing_space" time="37.753"/>
  <testcase classname="tests.LoginValidationTest" name="password_empty" time="14.435"/>
  <testcase classname="tests.LoginValidationTest" name="email_uppercase" time="15.716"/>
  <testcase classname="tests.LoginValidationTest" name="mobile_empty" time="16.848"/>
  <testcase classname="tests.LoginValidationTest" name="mobile_11_digits" time="32.099"/>
  <testcase classname="tests.LoginValidationTest" name="mobile_special_chars" time="9.572"/>
  <testcase classname="tests.LoginValidationTest" name="mobile_long_number" time="28.524"/>
  <testcase classname="tests.LoginValidationTest" name="mobile_mixed_chars" time="12.104"/>
  <testcase classname="tests.LoginValidationTest" name="mobile_sql_injection" time="21.069"/>
  <testcase classname="tests.LoginValidationTest" name="mobile_9_digits" time="11.305"/>
  <testcase classname="tests.LoginValidationTest" name="email_spaces_only" time="35.484"/>
  <testcase classname="tests.LoginValidationTest" name="mobile_script_injection" time="15.197"/>
  <testcase classname="tests.LoginValidationTest" name="email_missing_at_symbol" time="13.815"/>
  <testcase classname="tests.LoginValidationTest" name="mobile_valid_format_but_unregistered" time="19.211"/>
  <testcase classname="tests.LoginValidationTest" name="mobile_alphabets" time="12.055"/>
  <testcase classname="tests.LoginValidationTest" name="email_leading_space" time="37.079"/>
  <testcase classname="tests.LoginValidationTest" name="password_only_numbers" time="14.621"/>
  <testcase classname="tests.LoginValidationTest" name="email_sql_injection" time="13.464"/>
  <testcase classname="tests.LoginValidationTest" name="mobile_with_plus" time="43.418"/>
  <testcase classname="tests.LoginValidationTest" name="password_special_chars_only" time="35.289"/>
  <testcase classname="tests.LoginValidationTest" name="email_script_injection" time="23.030"/>
  <testcase classname="tests.LoginValidationTest" name="email_long_string" time="14.527"/>
  <testcase classname="tests.LoginValidationTest" name="email_empty_both_fields" time="34.144"/>
  <testcase classname="tests.LoginValidationTest" name="email_missing_domain" time="17.481"/>
  <testcase classname="tests.LoginValidationTest" name="email_special_chars" time="13.337"/>
  <testcase classname="tests.LoginValidationTest" name="email_numeric_only" time="20.072"/>
  <testcase classname="tests.LoginValidationTest" name="mobile_short_number" time="21.971"/>
  <testcase classname="tests.LoginValidationTest" name="mobile_spaces" time="6.857"/>
  <testcase classname="tests.LoginValidationTest" name="email_invalid_format_simple" time="17.182"/>
  <testcase classname="tests.LoginValidationTest" name="mobile_rapid_click" time="40.245">
    <error message="Expected condition failed: waiting for element to be clickable: By.xpath: //button[text()=&#039;Send OTP&#039;] (tried for 10 second(s) with 500 milliseconds interval)
Build info: version: &#039;4.18.1&#039;, revision: &#039;b1d3319b48&#039;
System info: os.name: &#039;Windows 10&#039;, os.arch: &#039;amd64&#039;, os.version: &#039;10.0&#039;, java.version: &#039;25.0.1&#039;
Driver info: org.openqa.selenium.chrome.ChromeDriver
Capabilities {acceptInsecureCerts: false, browserName: chrome, browserVersion: 145.0.7632.160, chrome: {chromedriverVersion: 145.0.7632.117 (de4e5d6e13b..., userDataDir: C:\Users\YASH~1.DHI\AppData...}, fedcm:accounts: true, goog:chromeOptions: {debuggerAddress: localhost:65119}, goog:processID: 43672, networkConnectionEnabled: false, pageLoadStrategy: normal, platformName: windows, proxy: Proxy(), se:cdp: ws://localhost:65119/devtoo..., se:cdpVersion: 145.0.7632.160, setWindowRect: true, strictFileInteractability: false, timeouts: {implicit: 0, pageLoad: 300000, script: 30000}, unhandledPromptBehavior: dismiss and notify, webauthn:extension:credBlob: true, webauthn:extension:largeBlob: true, webauthn:extension:minPinLength: true, webauthn:extension:prf: true, webauthn:virtualAuthenticators: true}
Session ID: 07b707f6ac404d51b01b38b2d0db54eb" type="org.openqa.selenium.TimeoutException">
      <![CDATA[org.openqa.selenium.TimeoutException: Expected condition failed: waiting for element to be clickable: By.xpath: //button[text()='Send OTP'] (tried for 10 second(s) with 500 milliseconds interval)
Build info: version: '4.18.1', revision: 'b1d3319b48'
System info: os.name: 'Windows 10', os.arch: 'amd64', os.version: '10.0', java.version: '25.0.1'
Driver info: org.openqa.selenium.chrome.ChromeDriver
Capabilities {acceptInsecureCerts: false, browserName: chrome, browserVersion: 145.0.7632.160, chrome: {chromedriverVersion: 145.0.7632.117 (de4e5d6e13b..., userDataDir: C:\Users\YASH~1.DHI\AppData...}, fedcm:accounts: true, goog:chromeOptions: {debuggerAddress: localhost:65119}, goog:processID: 43672, networkConnectionEnabled: false, pageLoadStrategy: normal, platformName: windows, proxy: Proxy(), se:cdp: ws://localhost:65119/devtoo..., se:cdpVersion: 145.0.7632.160, setWindowRect: true, strictFileInteractability: false, timeouts: {implicit: 0, pageLoad: 300000, script: 30000}, unhandledPromptBehavior: dismiss and notify, webauthn:extension:credBlob: true, webauthn:extension:largeBlob: true, webauthn:extension:minPinLength: true, webauthn:extension:prf: true, webauthn:virtualAuthenticators: true}
Session ID: 07b707f6ac404d51b01b38b2d0db54eb
at org.openqa.selenium.support.ui.WebDriverWait.timeoutException(WebDriverWait.java:84)
at org.openqa.selenium.support.ui.FluentWait.until(FluentWait.java:228)
at utils.WaitUtils.waitForClickable(WaitUtils.java:25)
at pages.LoginPage.clickSendOtp(LoginPage.java:70)
at tests.LoginValidationTest.mobile_rapid_click(LoginValidationTest.java:204)
at java.base/jdk.internal.reflect.DirectMethodHandleAccessor.invoke(DirectMethodHandleAccessor.java:104)
at java.base/java.lang.reflect.Method.invoke(Method.java:565)
at org.testng.internal.invokers.MethodInvocationHelper.invokeMethod(MethodInvocationHelper.java:139)
at org.testng.internal.invokers.TestInvoker.invokeMethod(TestInvoker.java:664)
at org.testng.internal.invokers.TestInvoker.invokeTestMethod(TestInvoker.java:228)
at org.testng.internal.invokers.MethodRunner.runInSequence(MethodRunner.java:63)
at org.testng.internal.invokers.TestInvoker$MethodInvocationAgent.invoke(TestInvoker.java:961)
at org.testng.internal.invokers.TestInvoker.invokeTestMethods(TestInvoker.java:201)
at org.testng.internal.invokers.TestMethodWorker.invokeTestMethods(TestMethodWorker.java:148)
at org.testng.internal.invokers.TestMethodWorker.run(TestMethodWorker.java:128)
at java.base/java.util.concurrent.Executors$RunnableAdapter.call(Executors.java:545)
at java.base/java.util.concurrent.FutureTask.run(FutureTask.java:328)
at org.testng.internal.thread.graph.TestNGFutureTask.run(TestNGFutureTask.java:22)
at java.base/java.util.concurrent.ThreadPoolExecutor.runWorker(ThreadPoolExecutor.java:1090)
at java.base/java.util.concurrent.ThreadPoolExecutor$Worker.run(ThreadPoolExecutor.java:614)
at java.base/java.lang.Thread.run(Thread.java:1474)
]]>
    </error>
  </testcase> <!-- mobile_rapid_click -->
  <testcase classname="tests.LoginValidationTest" name="password_less_than_8" time="12.449"/>
</testsuite> <!-- tests.LoginValidationTest -->
