<?xml version="1.0" encoding="UTF-8"?>
<!-- Generated by org.testng.reporters.JUnitReportReporter -->
<testsuite hostname="P2E-0310" failures="0" tests="32" name="tests.LoginValidationTest" time="443.115" errors="1" timestamp="2026-02-24T14:30:55 IST" skipped="0">
  <testcase classname="tests.LoginValidationTest" name="password_special_chars_only" time="26.096"/>
  <testcase classname="tests.LoginValidationTest" name="mobile_special_chars" time="6.903"/>
  <testcase classname="tests.LoginValidationTest" name="password_less_than_8" time="10.564"/>
  <testcase classname="tests.LoginValidationTest" name="email_script_injection" time="15.007"/>
  <testcase classname="tests.LoginValidationTest" name="email_invalid_format_simple" time="14.742"/>
  <testcase classname="tests.LoginValidationTest" name="mobile_with_plus" time="9.020"/>
  <testcase classname="tests.LoginValidationTest" name="password_only_letters" time="22.278"/>
  <testcase classname="tests.LoginValidationTest" name="email_uppercase" time="29.621"/>
  <testcase classname="tests.LoginValidationTest" name="email_missing_domain" time="13.696"/>
  <testcase classname="tests.LoginValidationTest" name="mobile_11_digits" time="9.533"/>
  <testcase classname="tests.LoginValidationTest" name="mobile_empty" time="8.235"/>
  <testcase classname="tests.LoginValidationTest" name="email_missing_at_symbol" time="12.434"/>
  <testcase classname="tests.LoginValidationTest" name="mobile_spaces" time="6.470"/>
  <testcase classname="tests.LoginValidationTest" name="mobile_alphabets" time="18.752"/>
  <testcase classname="tests.LoginValidationTest" name="mobile_sql_injection" time="8.843"/>
  <testcase classname="tests.LoginValidationTest" name="email_sql_injection" time="13.413"/>
  <testcase classname="tests.LoginValidationTest" name="email_trailing_space" time="24.449"/>
  <testcase classname="tests.LoginValidationTest" name="email_special_chars" time="12.761"/>
  <testcase classname="tests.LoginValidationTest" name="mobile_valid_format_but_unregistered" time="8.008"/>
  <testcase classname="tests.LoginValidationTest" name="password_only_numbers" time="23.575"/>
  <testcase classname="tests.LoginValidationTest" name="mobile_script_injection" time="8.779"/>
  <testcase classname="tests.LoginValidationTest" name="email_empty_both_fields" time="9.372"/>
  <testcase classname="tests.LoginValidationTest" name="mobile_rapid_click" time="17.055">
    <error message="Expected condition failed: waiting for element to be clickable: By.xpath: //button[text()=&#039;Send OTP&#039;] (tried for 10 second(s) with 500 milliseconds interval)
Build info: version: &#039;4.18.1&#039;, revision: &#039;b1d3319b48&#039;
System info: os.name: &#039;Windows 10&#039;, os.arch: &#039;amd64&#039;, os.version: &#039;10.0&#039;, java.version: &#039;25.0.1&#039;
Driver info: org.openqa.selenium.chrome.ChromeDriver
Capabilities {acceptInsecureCerts: false, browserName: chrome, browserVersion: 145.0.7632.111, chrome: {chromedriverVersion: 145.0.7632.117 (de4e5d6e13b..., userDataDir: C:\Users\YASH~1.DHI\AppData...}, fedcm:accounts: true, goog:chromeOptions: {debuggerAddress: localhost:53495}, goog:processID: 65192, networkConnectionEnabled: false, pageLoadStrategy: normal, platformName: windows, proxy: Proxy(), se:cdp: ws://localhost:53495/devtoo..., se:cdpVersion: 145.0.7632.111, setWindowRect: true, strictFileInteractability: false, timeouts: {implicit: 0, pageLoad: 300000, script: 30000}, unhandledPromptBehavior: dismiss and notify, webauthn:extension:credBlob: true, webauthn:extension:largeBlob: true, webauthn:extension:minPinLength: true, webauthn:extension:prf: true, webauthn:virtualAuthenticators: true}
Session ID: 941cf8846a451237b625f050cbe400b1" type="org.openqa.selenium.TimeoutException">
      <![CDATA[org.openqa.selenium.TimeoutException: Expected condition failed: waiting for element to be clickable: By.xpath: //button[text()='Send OTP'] (tried for 10 second(s) with 500 milliseconds interval)
Build info: version: '4.18.1', revision: 'b1d3319b48'
System info: os.name: 'Windows 10', os.arch: 'amd64', os.version: '10.0', java.version: '25.0.1'
Driver info: org.openqa.selenium.chrome.ChromeDriver
Capabilities {acceptInsecureCerts: false, browserName: chrome, browserVersion: 145.0.7632.111, chrome: {chromedriverVersion: 145.0.7632.117 (de4e5d6e13b..., userDataDir: C:\Users\YASH~1.DHI\AppData...}, fedcm:accounts: true, goog:chromeOptions: {debuggerAddress: localhost:53495}, goog:processID: 65192, networkConnectionEnabled: false, pageLoadStrategy: normal, platformName: windows, proxy: Proxy(), se:cdp: ws://localhost:53495/devtoo..., se:cdpVersion: 145.0.7632.111, setWindowRect: true, strictFileInteractability: false, timeouts: {implicit: 0, pageLoad: 300000, script: 30000}, unhandledPromptBehavior: dismiss and notify, webauthn:extension:credBlob: true, webauthn:extension:largeBlob: true, webauthn:extension:minPinLength: true, webauthn:extension:prf: true, webauthn:virtualAuthenticators: true}
Session ID: 941cf8846a451237b625f050cbe400b1
at org.openqa.selenium.support.ui.WebDriverWait.timeoutException(WebDriverWait.java:84)
at org.openqa.selenium.support.ui.FluentWait.until(FluentWait.java:228)
at utils.WaitUtils.waitForClickable(WaitUtils.java:17)
at pages.LoginPage.clickSendOtp(LoginPage.java:234)
at tests.LoginValidationTest.mobile_rapid_click(LoginValidationTest.java:205)
at java.base/jdk.internal.reflect.DirectMethodHandleAccessor.invoke(DirectMethodHandleAccessor.java:104)
at java.base/java.lang.reflect.Method.invoke(Method.java:565)
at org.testng.internal.invokers.MethodInvocationHelper.invokeMethod(MethodInvocationHelper.java:139)
at org.testng.internal.invokers.TestInvoker.invokeMethod(TestInvoker.java:664)
at org.testng.internal.invokers.TestInvoker.invokeTestMethod(TestInvoker.java:228)
at org.testng.internal.invokers.MethodRunner.runInSequence(MethodRunner.java:63)
at org.testng.internal.invokers.TestInvoker$MethodInvocationAgent.invoke(TestInvoker.java:961)
at org.testng.internal.invokers.TestInvoker.invokeTestMethods(TestInvoker.java:201)
at org.testng.internal.invokers.TestMethodWorker.invokeTestMethods(TestMethodWorker.java:148)
at org.testng.internal.invokers.TestMethodWorker.run(TestMethodWorker.java:128)
at java.base/java.util.ArrayList.forEach(ArrayList.java:1604)
at org.testng.TestRunner.privateRun(TestRunner.java:819)
at org.testng.TestRunner.run(TestRunner.java:619)
at org.testng.SuiteRunner.runTest(SuiteRunner.java:443)
at org.testng.SuiteRunner.runSequentially(SuiteRunner.java:437)
at org.testng.SuiteRunner.privateRun(SuiteRunner.java:397)
at org.testng.SuiteRunner.run(SuiteRunner.java:336)
at org.testng.SuiteRunnerWorker.runSuite(SuiteRunnerWorker.java:52)
at org.testng.SuiteRunnerWorker.run(SuiteRunnerWorker.java:95)
at org.testng.TestNG.runSuitesSequentially(TestNG.java:1301)
at org.testng.TestNG.runSuitesLocally(TestNG.java:1228)
at org.testng.TestNG.runSuites(TestNG.java:1134)
at org.testng.TestNG.run(TestNG.java:1101)
at org.apache.maven.surefire.testng.TestNGExecutor.run(TestNGExecutor.java:155)
at org.apache.maven.surefire.testng.TestNGDirectoryTestSuite.executeMulti(TestNGDirectoryTestSuite.java:169)
at org.apache.maven.surefire.testng.TestNGDirectoryTestSuite.execute(TestNGDirectoryTestSuite.java:88)
at org.apache.maven.surefire.testng.TestNGProvider.invoke(TestNGProvider.java:137)
at org.apache.maven.surefire.booter.ForkedBooter.runSuitesInProcess(ForkedBooter.java:385)
at org.apache.maven.surefire.booter.ForkedBooter.execute(ForkedBooter.java:162)
at org.apache.maven.surefire.booter.ForkedBooter.run(ForkedBooter.java:507)
at org.apache.maven.surefire.booter.ForkedBooter.main(ForkedBooter.java:495)
]]>
    </error>
  </testcase> <!-- mobile_rapid_click -->
  <testcase classname="tests.LoginValidationTest" name="mobile_mixed_chars" time="7.624"/>
  <testcase classname="tests.LoginValidationTest" name="email_leading_space" time="23.988"/>
  <testcase classname="tests.LoginValidationTest" name="password_empty" time="6.633"/>
  <testcase classname="tests.LoginValidationTest" name="mobile_short_number" time="8.420"/>
  <testcase classname="tests.LoginValidationTest" name="email_long_string" time="26.545"/>
  <testcase classname="tests.LoginValidationTest" name="mobile_long_number" time="8.560"/>
  <testcase classname="tests.LoginValidationTest" name="email_spaces_only" time="9.442"/>
  <testcase classname="tests.LoginValidationTest" name="mobile_9_digits" time="9.051"/>
  <testcase classname="tests.LoginValidationTest" name="email_numeric_only" time="13.246"/>
</testsuite> <!-- tests.LoginValidationTest -->
